<?xml version="1.0" encoding="UTF-8"?>
<testsuite name="live.vayusat.alerts.AlertModelTest" tests="2" skipped="0" failures="0" errors="0" timestamp="2026-09-20T15:51:00.211Z" hostname="Harshs-MacBook-Air-4.local" time="0.232">
  <properties/>
  <testcase name="testAlertExpirationCheck" classname="live.vayusat.alerts.AlertModelTest" time="0.02"/>
  <testcase name="testAlertSerializationAndDeserialization" classname="live.vayusat.alerts.AlertModelTest" time="0.209"/>
  <system-out><![CDATA[]]></system-out>
  <system-err><![CDATA[]]></system-err>
</testsuite>
