<?xml version="1.0" encoding="UTF-8"?>
<testsuite name="live.vayusat.alerts.DeviceRegistrationModelTest" tests="2" skipped="0" failures="0" errors="0" timestamp="2026-09-20T15:18:47.842Z" hostname="Harshs-MacBook-Air-4.local" time="0.019">
  <properties/>
  <testcase name="testNotificationPreferencesSerialization" classname="live.vayusat.alerts.DeviceRegistrationModelTest" time="0.012"/>
  <testcase name="testDeviceRegistrationSerialization" classname="live.vayusat.alerts.DeviceRegistrationModelTest" time="0.007"/>
  <system-out><![CDATA[]]></system-out>
  <system-err><![CDATA[]]></system-err>
</testsuite>
